0 info it worked if it ends with ok
1 verbose cli [ '/usr/local/bin/node',
1 verbose cli   '/usr/local/bin/npm',
1 verbose cli   'install',
1 verbose cli   '-g',
1 verbose cli   'yo',
1 verbose cli   'generator-hubot' ]
2 info using npm@2.10.1
3 info using node@v0.13.0-pre
4 verbose install initial load of /usr/local/lib/package.json
5 verbose readDependencies loading dependencies from /usr/local/lib/package.json
6 silly cache add args [ 'yo', null ]
7 verbose cache add spec yo
8 silly cache add args [ 'generator-hubot', null ]
9 verbose cache add spec generator-hubot
10 silly cache add parsed spec { raw: 'yo',
10 silly cache add   scope: null,
10 silly cache add   name: 'yo',
10 silly cache add   rawSpec: '',
10 silly cache add   spec: '*',
10 silly cache add   type: 'range' }
11 silly addNamed yo@*
12 verbose addNamed "*" is a valid semver range for yo
13 silly addNameRange { name: 'yo', range: '*', hasData: false }
14 silly mapToRegistry name yo
15 silly mapToRegistry using default registry
16 silly mapToRegistry registry https://registry.npmjs.org/
17 silly mapToRegistry uri https://registry.npmjs.org/yo
18 verbose addNameRange registry:https://registry.npmjs.org/yo not in flight; fetching
19 silly cache add parsed spec { raw: 'generator-hubot',
19 silly cache add   scope: null,
19 silly cache add   name: 'generator-hubot',
19 silly cache add   rawSpec: '',
19 silly cache add   spec: '*',
19 silly cache add   type: 'range' }
20 silly addNamed generator-hubot@*
21 verbose addNamed "*" is a valid semver range for generator-hubot
22 silly addNameRange { name: 'generator-hubot', range: '*', hasData: false }
23 silly mapToRegistry name generator-hubot
24 silly mapToRegistry using default registry
25 silly mapToRegistry registry https://registry.npmjs.org/
26 silly mapToRegistry uri https://registry.npmjs.org/generator-hubot
27 verbose addNameRange registry:https://registry.npmjs.org/generator-hubot not in flight; fetching
28 verbose request uri https://registry.npmjs.org/yo
29 verbose request no auth needed
30 info attempt registry request try #1 at 16:47:19
31 verbose request id 6e8ee56c659e8031
32 http request GET https://registry.npmjs.org/yo
33 verbose request uri https://registry.npmjs.org/generator-hubot
34 verbose request no auth needed
35 info attempt registry request try #1 at 16:47:19
36 http request GET https://registry.npmjs.org/generator-hubot
37 http 200 https://registry.npmjs.org/yo
38 silly get cb [ 200,
38 silly get   { server: 'CouchDB/1.5.0 (Erlang OTP/R16B03)',
38 silly get     etag: '"8R0T8G43Q2KF2W10UFJIU37CO"',
38 silly get     'content-type': 'application/json',
38 silly get     'cache-control': 'max-age=60',
38 silly get     'content-length': '33725',
38 silly get     'accept-ranges': 'bytes',
38 silly get     date: 'Mon, 13 Jul 2015 13:47:20 GMT',
38 silly get     via: '1.1 varnish',
38 silly get     age: '0',
38 silly get     connection: 'keep-alive',
38 silly get     'x-served-by': 'cache-fra1240-FRA',
38 silly get     'x-cache': 'HIT',
38 silly get     'x-cache-hits': '1',
38 silly get     'x-timer': 'S1436795240.239241,VS0,VE411',
38 silly get     vary: 'Accept' } ]
39 verbose get saving yo to /home/zakhar/.npm/registry.npmjs.org/yo/.cache.json
40 silly addNameRange number 2 { name: 'yo', range: '*', hasData: true }
41 silly addNameRange versions [ 'yo', [ '1.4.6', '1.4.7' ] ]
42 silly addNamed yo@1.4.7
43 verbose addNamed "1.4.7" is a plain semver version for yo
44 silly mapToRegistry name yo
45 silly mapToRegistry using default registry
46 silly mapToRegistry registry https://registry.npmjs.org/
47 silly mapToRegistry uri https://registry.npmjs.org/yo
48 verbose addRemoteTarball https://registry.npmjs.org/yo/-/yo-1.4.7.tgz not in flight; adding
49 verbose addRemoteTarball [ 'https://registry.npmjs.org/yo/-/yo-1.4.7.tgz',
49 verbose addRemoteTarball   '7eecb354f6f4df2dafbc2da53d30f7f7fafcb450' ]
50 info retry fetch attempt 1 at 16:47:20
51 info attempt registry request try #1 at 16:47:20
52 http fetch GET https://registry.npmjs.org/yo/-/yo-1.4.7.tgz
53 http fetch 200 https://registry.npmjs.org/yo/-/yo-1.4.7.tgz
54 http 200 https://registry.npmjs.org/generator-hubot
55 silly get cb [ 200,
55 silly get   { server: 'CouchDB/1.5.0 (Erlang OTP/R16B03)',
55 silly get     etag: '"5S5ITU9USGRTSVGTRM7OCJ8G0"',
55 silly get     'content-type': 'application/json',
55 silly get     'cache-control': 'max-age=60',
55 silly get     'content-length': '19369',
55 silly get     'accept-ranges': 'bytes',
55 silly get     date: 'Mon, 13 Jul 2015 13:47:20 GMT',
55 silly get     via: '1.1 varnish',
55 silly get     age: '0',
55 silly get     connection: 'keep-alive',
55 silly get     'x-served-by': 'cache-fra1236-FRA',
55 silly get     'x-cache': 'MISS',
55 silly get     'x-cache-hits': '0',
55 silly get     'x-timer': 'S1436795240.244843,VS0,VE726',
55 silly get     vary: 'Accept' } ]
56 verbose get saving generator-hubot to /home/zakhar/.npm/registry.npmjs.org/generator-hubot/.cache.json
57 silly addNameRange number 2 { name: 'generator-hubot', range: '*', hasData: true }
58 silly addNameRange versions [ 'generator-hubot',
58 silly addNameRange   [ '0.1.0',
58 silly addNameRange     '0.1.1',
58 silly addNameRange     '0.1.2',
58 silly addNameRange     '0.1.3',
58 silly addNameRange     '0.1.4',
58 silly addNameRange     '0.2.0',
58 silly addNameRange     '0.2.1',
58 silly addNameRange     '0.2.2',
58 silly addNameRange     '0.2.3',
58 silly addNameRange     '0.2.4',
58 silly addNameRange     '0.2.5',
58 silly addNameRange     '0.3.0',
58 silly addNameRange     '0.3.1' ] ]
59 silly addNamed generator-hubot@0.3.1
60 verbose addNamed "0.3.1" is a plain semver version for generator-hubot
61 silly fetchAndShaCheck shasum 7eecb354f6f4df2dafbc2da53d30f7f7fafcb450
62 silly mapToRegistry name generator-hubot
63 silly mapToRegistry using default registry
64 silly mapToRegistry registry https://registry.npmjs.org/
65 silly mapToRegistry uri https://registry.npmjs.org/generator-hubot
66 verbose addRemoteTarball https://registry.npmjs.org/generator-hubot/-/generator-hubot-0.3.1.tgz not in flight; adding
67 verbose addRemoteTarball [ 'https://registry.npmjs.org/generator-hubot/-/generator-hubot-0.3.1.tgz',
67 verbose addRemoteTarball   'f455ea03de91f8a284c005682aac9352609aa409' ]
68 verbose addTmpTarball /tmp/npm-23081-26199cc6/registry.npmjs.org/yo/-/yo-1.4.7.tgz not in flight; adding
69 verbose addTmpTarball already have metadata; skipping unpack for yo@1.4.7
70 info retry fetch attempt 1 at 16:47:20
71 info attempt registry request try #1 at 16:47:20
72 http fetch GET https://registry.npmjs.org/generator-hubot/-/generator-hubot-0.3.1.tgz
73 silly cache afterAdd yo@1.4.7
74 verbose afterAdd /home/zakhar/.npm/yo/1.4.7/package/package.json not in flight; writing
75 verbose afterAdd /home/zakhar/.npm/yo/1.4.7/package/package.json written
76 http fetch 200 https://registry.npmjs.org/generator-hubot/-/generator-hubot-0.3.1.tgz
77 silly fetchAndShaCheck shasum f455ea03de91f8a284c005682aac9352609aa409
78 verbose addTmpTarball /tmp/npm-23081-26199cc6/registry.npmjs.org/generator-hubot/-/generator-hubot-0.3.1.tgz not in flight; adding
79 verbose addTmpTarball already have metadata; skipping unpack for generator-hubot@0.3.1
80 silly cache afterAdd generator-hubot@0.3.1
81 verbose afterAdd /home/zakhar/.npm/generator-hubot/0.3.1/package/package.json not in flight; writing
82 verbose afterAdd /home/zakhar/.npm/generator-hubot/0.3.1/package/package.json written
83 silly install resolved [ { name: 'yo',
83 silly install resolved     version: '1.4.7',
83 silly install resolved     description: 'CLI tool for running Yeoman generators',
83 silly install resolved     license: 'BSD-2-Clause',
83 silly install resolved     bin: { yo: 'lib/cli.js' },
83 silly install resolved     author: { name: 'Yeoman' },
83 silly install resolved     repository: { type: 'git', url: 'https://github.com/yeoman/yo' },
83 silly install resolved     engines: { node: '>=0.10.0', npm: '>=2.8.0' },
83 silly install resolved     scripts:
83 silly install resolved      { test: 'jshint . && mocha test/**/*.js',
83 silly install resolved        postinstall: 'yodoctor',
83 silly install resolved        postupdate: 'yodoctor',
83 silly install resolved        prepublish: 'nsp audit-package' },
83 silly install resolved     files: [ 'lib' ],
83 silly install resolved     keywords:
83 silly install resolved      [ 'cli-app',
83 silly install resolved        'cli',
83 silly install resolved        'bin',
83 silly install resolved        'front-end',
83 silly install resolved        'development',
83 silly install resolved        'dev',
83 silly install resolved        'build',
83 silly install resolved        'web',
83 silly install resolved        'tool',
83 silly install resolved        'scaffold',
83 silly install resolved        'stack',
83 silly install resolved        'yeoman',
83 silly install resolved        'generator',
83 silly install resolved        'generate',
83 silly install resolved        'app',
83 silly install resolved        'boilerplate' ],
83 silly install resolved     dependencies:
83 silly install resolved      { 'array-uniq': '^1.0.2',
83 silly install resolved        async: '^1.0.0',
83 silly install resolved        chalk: '^1.0.0',
83 silly install resolved        configstore: '^1.0.0',
83 silly install resolved        'cross-spawn': '^0.4.0',
83 silly install resolved        figures: '^1.3.5',
83 silly install resolved        findup: '^0.1.5',
83 silly install resolved        fullname: '^1.0.0',
83 silly install resolved        got: '^3.2.0',
83 silly install resolved        'humanize-string': '^1.0.0',
83 silly install resolved        inquirer: '^0.8.0',
83 silly install resolved        insight: '^0.6.0',
83 silly install resolved        lodash: '^3.2.0',
83 silly install resolved        meow: '^3.0.0',
83 silly install resolved        'npm-keyword': '^1.1.1',
83 silly install resolved        opn: '^1.0.0',
83 silly install resolved        'package-json': '^1.1.0',
83 silly install resolved        repeating: '^1.1.2',
83 silly install resolved        'root-check': '^1.0.0',
83 silly install resolved        'sort-on': '^1.0.0',
83 silly install resolved        'string-length': '^1.0.0',
83 silly install resolved        titleize: '^1.0.0',
83 silly install resolved        'update-notifier': '^0.5.0',
83 silly install resolved        'user-home': '^1.1.0',
83 silly install resolved        'yeoman-character': '^1.0.0',
83 silly install resolved        'yeoman-doctor': '^1.0.0',
83 silly install resolved        'yeoman-environment': '^1.0.1',
83 silly install resolved        yosay: '^1.0.0' },
83 silly install resolved     devDependencies:
83 silly install resolved      { jshint: '^2.5.11',
83 silly install resolved        mocha: '^2.1.0',
83 silly install resolved        mockery: '^1.4.0',
83 silly install resolved        nock: '^2.0.1',
83 silly install resolved        nsp: '*',
83 silly install resolved        proxyquire: '^1.0.1',
83 silly install resolved        'registry-url': '^3.0.0',
83 silly install resolved        sinon: '^1.12.1' },
83 silly install resolved     preferGlobal: true,
83 silly install resolved     gitHead: '675d647162f1ecd7f290995078cf8ab42756bf9d',
83 silly install resolved     bugs: { url: 'https://github.com/yeoman/yo/issues' },
83 silly install resolved     homepage: 'https://github.com/yeoman/yo',
83 silly install resolved     _id: 'yo@1.4.7',
83 silly install resolved     _shasum: '7eecb354f6f4df2dafbc2da53d30f7f7fafcb450',
83 silly install resolved     _from: 'yo@*',
83 silly install resolved     _npmVersion: '2.10.1',
83 silly install resolved     _nodeVersion: '0.12.4',
83 silly install resolved     _npmUser: { name: 'sindresorhus', email: 'sindresorhus@gmail.com' },
83 silly install resolved     dist:
83 silly install resolved      { shasum: '7eecb354f6f4df2dafbc2da53d30f7f7fafcb450',
83 silly install resolved        tarball: 'http://registry.npmjs.org/yo/-/yo-1.4.7.tgz' },
83 silly install resolved     maintainers: [ [Object], [Object], [Object], [Object], [Object], [Object] ],
83 silly install resolved     directories: {},
83 silly install resolved     _resolved: 'https://registry.npmjs.org/yo/-/yo-1.4.7.tgz' },
83 silly install resolved   { name: 'generator-hubot',
83 silly install resolved     version: '0.3.1',
83 silly install resolved     description: 'Hubot generator for Yeoman',
83 silly install resolved     license: 'MIT',
83 silly install resolved     main: 'generators/app/index.js',
83 silly install resolved     repository:
83 silly install resolved      { type: 'git',
83 silly install resolved        url: 'git+https://github.com/github/generator-hubot.git' },
83 silly install resolved     author:
83 silly install resolved      { name: 'Josh Nichols',
83 silly install resolved        email: 'josh@technicalpickles.com',
83 silly install resolved        url: 'https://github.com/technicalpickles' },
83 silly install resolved     engines: { node: '>=0.10.0' },
83 silly install resolved     scripts: { test: 'mocha' },
83 silly install resolved     files: [ 'generators' ],
83 silly install resolved     keywords: [ 'yeoman-generator', 'hubot', 'hubot-script' ],
83 silly install resolved     dependencies:
83 silly install resolved      { 'yeoman-generator': '^0.17.0',
83 silly install resolved        chalk: '^0.5.0',
83 silly install resolved        yosay: '^0.3.0',
83 silly install resolved        'npm-name': '^1.0.1' },
83 silly install resolved     devDependencies:
83 silly install resolved      { 'coffee-script': '^1.6.3',
83 silly install resolved        grunt: '~0.4.5',
83 silly install resolved        'grunt-contrib-watch': '^0.6.1',
83 silly install resolved        'grunt-mocha-test': '^0.12.4',
83 silly install resolved        'grunt-release': '~0.6.0',
83 silly install resolved        matchdep: '~0.1.2',
83 silly install resolved        mocha: '*' },
83 silly install resolved     peerDependencies: { yo: '>=1.0.0' },
83 silly install resolved     gitHead: '0f7e2b31bc6e9d68798bbacbef1e43477e3982ea',
83 silly install resolved     bugs: { url: 'https://github.com/github/generator-hubot/issues' },
83 silly install resolved     homepage: 'https://github.com/github/generator-hubot#readme',
83 silly install resolved     _id: 'generator-hubot@0.3.1',
83 silly install resolved     _shasum: 'f455ea03de91f8a284c005682aac9352609aa409',
83 silly install resolved     _from: 'generator-hubot@*',
83 silly install resolved     _npmVersion: '2.10.1',
83 silly install resolved     _nodeVersion: '0.12.4',
83 silly install resolved     _npmUser: { name: 'technicalpickles', email: 'josh@technicalpickles.com' },
83 silly install resolved     maintainers: [ [Object], [Object], [Object], [Object] ],
83 silly install resolved     dist:
83 silly install resolved      { shasum: 'f455ea03de91f8a284c005682aac9352609aa409',
83 silly install resolved        tarball: 'http://registry.npmjs.org/generator-hubot/-/generator-hubot-0.3.1.tgz' },
83 silly install resolved     directories: {},
83 silly install resolved     _resolved: 'https://registry.npmjs.org/generator-hubot/-/generator-hubot-0.3.1.tgz' } ]
84 info install yo@1.4.7 into /usr/local/lib
85 info install generator-hubot@0.3.1 into /usr/local/lib
86 info installOne yo@1.4.7
87 verbose installOne of yo to /usr/local/lib not in flight; installing
88 info installOne generator-hubot@0.3.1
89 verbose installOne of generator-hubot to /usr/local/lib not in flight; installing
90 verbose lock using /home/zakhar/.npm/_locks/yo-c80abb7e04f27e35.lock for /usr/local/lib/node_modules/yo
91 warn engine yo@1.4.7: wanted: {"node":">=0.10.0","npm":">=2.8.0"} (current: {"node":"0.13.0-pre","npm":"2.10.1"})
92 verbose lock using /home/zakhar/.npm/_locks/generator-hubot-7a7233172860d785.lock for /usr/local/lib/node_modules/generator-hubot
93 warn engine generator-hubot@0.3.1: wanted: {"node":">=0.10.0"} (current: {"node":"0.13.0-pre","npm":"2.10.1"})
94 silly install write writing yo 1.4.7 to /usr/local/lib/node_modules/yo
95 silly install write writing generator-hubot 0.3.1 to /usr/local/lib/node_modules/generator-hubot
96 verbose unbuild lib/node_modules/generator-hubot
97 verbose unbuild lib/node_modules/yo
98 silly gentlyRm /usr/local/lib/node_modules/generator-hubot is being purged from base /usr/local
99 verbose gentlyRm don't care about contents; nuking /usr/local/lib/node_modules/generator-hubot
100 verbose tar unpack /home/zakhar/.npm/generator-hubot/0.3.1/package.tgz
101 verbose tar unpacking to /usr/local/lib/node_modules/generator-hubot
102 silly gentlyRm /usr/local/lib/node_modules/generator-hubot is being purged
103 verbose gentlyRm don't care about contents; nuking /usr/local/lib/node_modules/generator-hubot
104 silly gentlyRm /usr/local/lib/node_modules/yo is being purged from base /usr/local
105 verbose gentlyRm don't care about contents; nuking /usr/local/lib/node_modules/yo
106 silly gunzTarPerm modes [ '755', '644' ]
107 verbose tar unpack /home/zakhar/.npm/yo/1.4.7/package.tgz
108 verbose tar unpacking to /usr/local/lib/node_modules/yo
109 silly gentlyRm /usr/local/lib/node_modules/yo is being purged
110 verbose gentlyRm don't care about contents; nuking /usr/local/lib/node_modules/yo
111 silly gunzTarPerm modes [ '755', '644' ]
112 error tar.unpack untar error /home/zakhar/.npm/generator-hubot/0.3.1/package.tgz
113 verbose unlock done using /home/zakhar/.npm/_locks/generator-hubot-7a7233172860d785.lock for /usr/local/lib/node_modules/generator-hubot
114 error tar.unpack untar error /home/zakhar/.npm/yo/1.4.7/package.tgz
115 verbose unlock done using /home/zakhar/.npm/_locks/yo-c80abb7e04f27e35.lock for /usr/local/lib/node_modules/yo
116 verbose fstream_path /usr/local/lib/node_modules/generator-hubot
117 verbose fstream_type Directory
118 verbose fstream_class DirWriter
119 verbose stack Error: EACCES, mkdir '/usr/local/lib/node_modules/generator-hubot'
119 verbose stack     at Error (native)
120 verbose fstream_stack /usr/local/lib/node_modules/npm/node_modules/fstream/lib/dir-writer.js:35:25
120 verbose fstream_stack /usr/local/lib/node_modules/npm/node_modules/mkdirp/index.js:47:53
120 verbose fstream_stack FSReqWrap.oncomplete (fs.js:101:15)
121 verbose cwd /home/zakhar/work/odesk-school
122 error Linux 3.13.0-24-generic
123 error argv "/usr/local/bin/node" "/usr/local/bin/npm" "install" "-g" "yo" "generator-hubot"
124 error node v0.13.0-pre
125 error npm  v2.10.1
126 error path /usr/local/lib/node_modules/generator-hubot
127 error code EACCES
128 error errno -13
129 error Error: EACCES, mkdir '/usr/local/lib/node_modules/generator-hubot'
129 error     at Error (native)
129 error  { [Error: EACCES, mkdir '/usr/local/lib/node_modules/generator-hubot']
129 error   errno: -13,
129 error   code: 'EACCES',
129 error   path: '/usr/local/lib/node_modules/generator-hubot',
129 error   fstream_type: 'Directory',
129 error   fstream_path: '/usr/local/lib/node_modules/generator-hubot',
129 error   fstream_class: 'DirWriter',
129 error   fstream_stack:
129 error    [ '/usr/local/lib/node_modules/npm/node_modules/fstream/lib/dir-writer.js:35:25',
129 error      '/usr/local/lib/node_modules/npm/node_modules/mkdirp/index.js:47:53',
129 error      'FSReqWrap.oncomplete (fs.js:101:15)' ] }
130 error Please try running this command again as root/Administrator.
131 verbose exit [ -13, true ]
132 verbose unbuild lib/node_modules/generator-hubot
133 silly gentlyRm /usr/local/lib/node_modules/generator-hubot is being purged from base /usr/local
134 verbose gentlyRm don't care about contents; nuking /usr/local/lib/node_modules/generator-hubot
135 verbose unbuild lib/node_modules/yo
136 silly gentlyRm /usr/local/lib/node_modules/yo is being purged from base /usr/local
137 verbose gentlyRm don't care about contents; nuking /usr/local/lib/node_modules/yo
